<?xml version="1.0" encoding="UTF-8"?>
<!-- Generated by org.testng.reporters.JUnitReportReporter -->
<testsuite skipped="0" hostname="IBM077-PC0GJ02N" name="pages.TC001_CreateLead" tests="1" failures="0" timestamp="08 Aug 2018 03:15:43 GMT" time="0.018" errors="0">
  <testcase name="setValues" time="0.018" classname="pages.TC001_CreateLead"/>
</testsuite> <!-- pages.TC001_CreateLead -->
